This is pdfTeX, Version 3.1415926-2.5-1.40.14 (TeX Live 2013/Debian) (format=pdftex 2016.5.31)  6 JUN 2016 16:47
entering extended mode
 restricted \write18 enabled.
 %&-line parsing enabled.
**introduction,tex
(./introduction.tex
! Undefined control sequence.
l.1 \section
            {Background of the Study}
? 
! Undefined control sequence.
l.9 \section
            {Prior Studies}
? 
! Undefined control sequence.
l.12 \blindtext
               
? 
! Undefined control sequence.
l.15 \section
             {Problem Statement}
? 
! Undefined control sequence.
l.18 \blindtext
               
? 
! Undefined control sequence.
l.21 \section
             {Objectives}
? 
! Undefined control sequence.
l.22 \subsection
                {General Objective(s)}
? 
! Missing $ inserted.
<inserted text> 
                $
<to be read again> 
                   \mathinner 
\ldots ->\mathinner 
                    {\ldotp \ldotp \ldotp }
l.23 To \ldots
              ;
? 
! Missing $ inserted.
<inserted text> 
                $
<to be read again> 
                   \par 
l.24 
     
? 
! Undefined control sequence.
l.25 \subsection
                {Specific Objectives}
? 
! Undefined control sequence.
l.27 \begin
           {enumerate}
? 
! Missing $ inserted.
<inserted text> 
                $
<to be read again> 
                   \mathinner 
\ldots ->\mathinner 
                    {\ldotp \ldotp \ldotp }
l.28 	\item To  \ldots
                      ;
? 
! Missing $ inserted.
<inserted text> 
                $
<to be read again> 
                   \par 
l.29 
     
? 
! Missing $ inserted.
<inserted text> 
                $
<to be read again> 
                   \mathinner 
\ldots ->\mathinner 
                    {\ldotp \ldotp \ldotp }
l.30 	\item To  \ldots
                      ;
? 
! Missing $ inserted.
<inserted text> 
                $
<to be read again> 
                   \par 
l.31 
     
? 
! Missing $ inserted.
<inserted text> 
                $
<to be read again> 
                   \mathinner 
\ldots ->\mathinner 
                    {\ldotp \ldotp \ldotp }
l.32 	\item To  \ldots
                      ;
? 
! Missing $ inserted.
<inserted text> 
                $
<to be read again> 
                   \par 
l.33 
     
? 
! Missing $ inserted.
<inserted text> 
                $
<to be read again> 
                   \mathinner 
\ldots ->\mathinner 
                    {\ldotp \ldotp \ldotp }
l.34 	\item To  \ldots
                      ;
? 
! Missing $ inserted.
<inserted text> 
                $
<to be read again> 
                   \par 
l.35 
     
? 
! Missing $ inserted.
<inserted text> 
                $
<to be read again> 
                   \mathinner 
\ldots ->\mathinner 
                    {\ldotp \ldotp \ldotp }
l.36 	\item To  \ldots
                      ;
? 
! Missing $ inserted.
<inserted text> 
                $
<to be read again> 
                   \end 
l.37 \end
         {enumerate}
? 
[1{/var/lib/texmf/fonts/map/pdftex/updmap/pdftex.map}] )</usr/share/texlive/tex
mf-dist/fonts/type1/public/amsfonts/cm/cmmi10.pfb></usr/share/texlive/texmf-dis
t/fonts/type1/public/amsfonts/cm/cmr10.pfb>
Output written on introduction.pdf (1 page, 31970 bytes).
PDF statistics:
 16 PDF objects out of 1000 (max. 8388607)
 10 compressed objects within 1 object stream
 0 named destinations out of 1000 (max. 500000)
 1 words of extra memory for PDF output out of 10000 (max. 10000000)

